<?xml version="1.0" encoding="UTF-8"?>
<!-- Generated by org.testng.reporters.JUnitXMLReporter -->
<testsuite ignored="0" hostname="WINAA9G4Q7W3" failures="0" tests="3" name="Surefire test" time="8.208" errors="0" timestamp="2023-08-18T14:51:24 IST">
  <testcase classname="api.test.TestUser" name="updateUser" time="4.877"/>
  <testcase classname="api.test.TestUser" name="postUser" time="1.549"/>
  <testcase classname="api.test.TestUser" name="testReadUser" time="1.552"/>
</testsuite> <!-- Surefire test -->
